[debug] [2020-05-06T23:53:22.608Z] ----------------------------------------------------------------------
[debug] [2020-05-06T23:53:22.612Z] Command:       /usr/local/bin/node /usr/local/bin/firebase serve
[debug] [2020-05-06T23:53:22.612Z] CLI Version:   8.1.1
[debug] [2020-05-06T23:53:22.612Z] Platform:      linux
[debug] [2020-05-06T23:53:22.612Z] Node Version:  v12.16.1
[debug] [2020-05-06T23:53:22.613Z] Time:          Wed May 06 2020 16:53:22 GMT-0700 (Pacific Daylight Time)
[debug] [2020-05-06T23:53:22.614Z] ----------------------------------------------------------------------
[debug] [2020-05-06T23:53:22.614Z] 
[debug] [2020-05-06T23:53:22.626Z] > command requires scopes: ["email","openid","https://www.googleapis.com/auth/cloudplatformprojects.readonly","https://www.googleapis.com/auth/firebase","https://www.googleapis.com/auth/cloud-platform"]
[debug] [2020-05-06T23:53:22.627Z] > authorizing via signed-in user
[debug] [2020-05-06T23:53:22.628Z] [iam] checking project spark-2121 for permissions ["firebase.projects.get"]
[debug] [2020-05-06T23:53:22.632Z] > refreshing access token with scopes: ["email","https://www.googleapis.com/auth/cloud-platform","https://www.googleapis.com/auth/cloudplatformprojects.readonly","https://www.googleapis.com/auth/firebase","openid"]
[debug] [2020-05-06T23:53:22.633Z] >>> HTTP REQUEST POST https://www.googleapis.com/oauth2/v3/token  
 <request body omitted>
[debug] [2020-05-06T23:53:22.878Z] <<< HTTP RESPONSE 200 {"content-type":"application/json; charset=utf-8","vary":"X-Origin, Referer, Origin,Accept-Encoding","date":"Wed, 06 May 2020 23:53:23 GMT","server":"scaffolding on HTTPServer2","cache-control":"private","x-xss-protection":"0","x-frame-options":"SAMEORIGIN","x-content-type-options":"nosniff","alt-svc":"h3-Q050=\":443\"; ma=2592000,h3-Q049=\":443\"; ma=2592000,h3-Q048=\":443\"; ma=2592000,h3-Q046=\":443\"; ma=2592000,h3-Q043=\":443\"; ma=2592000,quic=\":443\"; ma=2592000; v=\"46,43\"","accept-ranges":"none","transfer-encoding":"chunked"}
[debug] [2020-05-06T23:53:22.892Z] >>> HTTP REQUEST POST https://cloudresourcemanager.googleapis.com/v1/projects/spark-2121:testIamPermissions  
 {"permissions":["firebase.projects.get"]}
[debug] [2020-05-06T23:53:23.307Z] <<< HTTP RESPONSE 200 {"content-type":"application/json; charset=UTF-8","vary":"X-Origin, Referer, Origin,Accept-Encoding","date":"Wed, 06 May 2020 23:53:24 GMT","server":"ESF","cache-control":"private","x-xss-protection":"0","x-frame-options":"SAMEORIGIN","x-content-type-options":"nosniff","server-timing":"gfet4t7; dur=214","alt-svc":"h3-Q050=\":443\"; ma=2592000,h3-Q049=\":443\"; ma=2592000,h3-Q048=\":443\"; ma=2592000,h3-Q046=\":443\"; ma=2592000,h3-Q043=\":443\"; ma=2592000,quic=\":443\"; ma=2592000; v=\"46,43\"","accept-ranges":"none","transfer-encoding":"chunked"}
[debug] [2020-05-06T23:53:23.308Z] >>> HTTP REQUEST GET https://firebase.googleapis.com/v1beta1/projects/spark-2121  
 
[debug] [2020-05-06T23:53:23.614Z] <<< HTTP RESPONSE 200 {"content-type":"application/json; charset=UTF-8","vary":"X-Origin, Referer, Origin,Accept-Encoding","date":"Wed, 06 May 2020 23:53:24 GMT","server":"ESF","cache-control":"private","x-xss-protection":"0","x-frame-options":"SAMEORIGIN","x-content-type-options":"nosniff","alt-svc":"h3-27=\":443\"; ma=2592000,h3-25=\":443\"; ma=2592000,h3-Q050=\":443\"; ma=2592000,h3-Q049=\":443\"; ma=2592000,h3-Q048=\":443\"; ma=2592000,h3-Q046=\":443\"; ma=2592000,h3-Q043=\":443\"; ma=2592000,quic=\":443\"; ma=2592000; v=\"46,43\"","accept-ranges":"none","transfer-encoding":"chunked"}
[info] 
[info] === Serving from '/mnt/c/Users/raad1/Documents/GitHub/Spark'...
[info] 
[debug] [2020-05-06T23:53:23.618Z] >>> HTTP REQUEST GET https://firebase.googleapis.com/v1beta1/projects/spark-2121/webApps/-/config  
 
[debug] [2020-05-06T23:53:24.192Z] <<< HTTP RESPONSE 200 {"content-type":"application/json; charset=UTF-8","vary":"X-Origin, Referer, Origin,Accept-Encoding","date":"Wed, 06 May 2020 23:53:25 GMT","server":"ESF","cache-control":"private","x-xss-protection":"0","x-frame-options":"SAMEORIGIN","x-content-type-options":"nosniff","alt-svc":"h3-27=\":443\"; ma=2592000,h3-25=\":443\"; ma=2592000,h3-Q050=\":443\"; ma=2592000,h3-Q049=\":443\"; ma=2592000,h3-Q048=\":443\"; ma=2592000,h3-Q046=\":443\"; ma=2592000,h3-Q043=\":443\"; ma=2592000,quic=\":443\"; ma=2592000; v=\"46,43\"","accept-ranges":"none","transfer-encoding":"chunked"}
[info] i  hosting: Serving hosting files from: static
[info] ✔  hosting: Local server: http://localhost:5000
